{"C:\\IIM\\TddBank\\bank.ts": {"path":"C:\\IIM\\TddBank\\bank.ts","statementMap":{"0":{"start":{"line":3,"column":24},"end":{"line":3,"column":40}},"1":{"start":{"line":3,"column":50},"end":{"line":3,"column":75}},"2":{"start":{"line":4,"column":8},"end":{"line":4,"column":33}},"3":{"start":{"line":5,"column":8},"end":{"line":5,"column":31}},"4":{"start":{"line":9,"column":8},"end":{"line":9,"column":29}},"5":{"start":{"line":13,"column":8},"end":{"line":13,"column":null}},"6":{"start":{"line":14,"column":8},"end":{"line":14,"column":null}},"7":{"start":{"line":18,"column":8},"end":{"line":18,"column":null}},"8":{"start":{"line":18,"column":31},"end":{"line":18,"column":null}},"9":{"start":{"line":19,"column":8},"end":{"line":19,"column":null}},"10":{"start":{"line":23,"column":8},"end":{"line":23,"column":null}},"11":{"start":{"line":2,"column":0},"end":{"line":2,"column":13}}},"fnMap":{"0":{"name":"(anonymous_0)","decl":{"start":{"line":3,"column":4},"end":{"line":3,"column":24}},"loc":{"start":{"line":3,"column":77},"end":{"line":6,"column":5}}},"1":{"name":"(anonymous_1)","decl":{"start":{"line":8,"column":4},"end":{"line":8,"column":10}},"loc":{"start":{"line":8,"column":10},"end":{"line":10,"column":5}}},"2":{"name":"(anonymous_2)","decl":{"start":{"line":12,"column":4},"end":{"line":12,"column":12}},"loc":{"start":{"line":12,"column":22},"end":{"line":15,"column":5}}},"3":{"name":"(anonymous_3)","decl":{"start":{"line":17,"column":4},"end":{"line":17,"column":12}},"loc":{"start":{"line":17,"column":22},"end":{"line":20,"column":5}}},"4":{"name":"(anonymous_4)","decl":{"start":{"line":22,"column":4},"end":{"line":22,"column":20}},"loc":{"start":{"line":22,"column":20},"end":{"line":24,"column":5}}}},"branchMap":{"0":{"loc":{"start":{"line":3,"column":50},"end":{"line":3,"column":77}},"type":"default-arg","locations":[{"start":{"line":3,"column":75},"end":{"line":3,"column":77}}]},"1":{"loc":{"start":{"line":18,"column":8},"end":{"line":18,"column":null}},"type":"if","locations":[{"start":{"line":18,"column":8},"end":{"line":18,"column":null}}]}},"s":{"0":6,"1":6,"2":6,"3":6,"4":3,"5":4,"6":4,"7":3,"8":1,"9":2,"10":2,"11":1},"f":{"0":6,"1":3,"2":4,"3":3,"4":2},"b":{"0":[6],"1":[1]}}
}
